<?xml version="1.0" encoding="UTF-8"?>
<!-- Generated by org.testng.reporters.JUnitXMLReporter -->
<testsuite ignored="0" hostname="LAPTOP-MBQJV29I" failures="1" tests="4" name="Command line test" time="30.563" errors="0" timestamp="2025-01-28T16:55:09 EET">
  <testcase classname="tests.CatFactsApiTest" name="testRandomCatFact" time="2.399"/>
  <testcase classname="tests.DynamicLoadingTest" name="testDynamicLoading" time="7.81"/>
  <testcase classname="tests.FileUploadTest" name="testFileUpload" time="4.765"/>
  <testcase classname="tests.GoogleSearchTest" name="testGoogleSearch" time="1.981">
    <failure type="java.lang.AssertionError" message="The result does not contain the expected text. expected [true] but found [false]">
      <![CDATA[java.lang.AssertionError: The result does not contain the expected text. expected [true] but found [false]
at tests.GoogleSearchTest.testGoogleSearch(GoogleSearchTest.java:17)
at java.base/java.util.ArrayList.forEach(ArrayList.java:1511)
... Removed 40 stack frames]]>
    </failure>
  </testcase> <!-- testGoogleSearch -->
</testsuite> <!-- Command line test -->
