<?xml version="1.0" encoding="UTF-8"?>
<testng-results ignored="0" total="4" passed="3" failed="1" skipped="0">
  <reporter-output>
  </reporter-output>
  <suite started-at="2025-01-28T16:54:38 EET" name="Command line suite" finished-at="2025-01-28T16:55:09 EET" duration-ms="30563">
    <groups>
    </groups>
    <test started-at="2025-01-28T16:54:38 EET" name="Command line test" finished-at="2025-01-28T16:55:09 EET" duration-ms="30563">
      <class name="tests.GoogleSearchTest">
        <test-method is-config="true" signature="setup()[pri:0, instance:tests.GoogleSearchTest@101952da]" started-at="2025-01-28T16:55:03 EET" name="setup" finished-at="2025-01-28T16:55:06 EET" duration-ms="2920" status="PASS">
          <reporter-output>
          </reporter-output>
        </test-method> <!-- setup -->
        <test-method signature="testGoogleSearch()[pri:0, instance:tests.GoogleSearchTest@101952da]" started-at="2025-01-28T16:55:06 EET" name="testGoogleSearch" finished-at="2025-01-28T16:55:08 EET" duration-ms="1981" status="FAIL">
          <exception class="java.lang.AssertionError">
            <message>
              <![CDATA[The result does not contain the expected text. expected [true] but found [false]]]>
            </message>
            <full-stacktrace>
              <![CDATA[java.lang.AssertionError: The result does not contain the expected text. expected [true] but found [false]
at org.testng.Assert.fail(Assert.java:110)
at org.testng.Assert.failNotEquals(Assert.java:1413)
at org.testng.Assert.assertTrue(Assert.java:56)
at tests.GoogleSearchTest.testGoogleSearch(GoogleSearchTest.java:17)
at java.base/jdk.internal.reflect.NativeMethodAccessorImpl.invoke0(Native Method)
at java.base/jdk.internal.reflect.NativeMethodAccessorImpl.invoke(NativeMethodAccessorImpl.java:77)
at java.base/jdk.internal.reflect.DelegatingMethodAccessorImpl.invoke(DelegatingMethodAccessorImpl.java:43)
at java.base/java.lang.reflect.Method.invoke(Method.java:568)
at org.testng.internal.invokers.MethodInvocationHelper.invokeMethod(MethodInvocationHelper.java:139)
at org.testng.internal.invokers.TestInvoker.invokeMethod(TestInvoker.java:677)
at org.testng.internal.invokers.TestInvoker.invokeTestMethod(TestInvoker.java:221)
at org.testng.internal.invokers.MethodRunner.runInSequence(MethodRunner.java:50)
at org.testng.internal.invokers.TestInvoker$MethodInvocationAgent.invoke(TestInvoker.java:969)
at org.testng.internal.invokers.TestInvoker.invokeTestMethods(TestInvoker.java:194)
at org.testng.internal.invokers.TestMethodWorker.invokeTestMethods(TestMethodWorker.java:148)
at org.testng.internal.invokers.TestMethodWorker.run(TestMethodWorker.java:128)
at java.base/java.util.ArrayList.forEach(ArrayList.java:1511)
at org.testng.TestRunner.privateRun(TestRunner.java:829)
at org.testng.TestRunner.run(TestRunner.java:602)
at org.testng.SuiteRunner.runTest(SuiteRunner.java:437)
at org.testng.SuiteRunner.runSequentially(SuiteRunner.java:431)
at org.testng.SuiteRunner.privateRun(SuiteRunner.java:391)
at org.testng.SuiteRunner.run(SuiteRunner.java:330)
at org.testng.SuiteRunnerWorker.runSuite(SuiteRunnerWorker.java:52)
at org.testng.SuiteRunnerWorker.run(SuiteRunnerWorker.java:95)
at org.testng.TestNG.runSuitesSequentially(TestNG.java:1256)
at org.testng.TestNG.runSuitesLocally(TestNG.java:1176)
at org.testng.TestNG.runSuites(TestNG.java:1099)
at org.testng.TestNG.run(TestNG.java:1067)
at org.apache.maven.surefire.testng.TestNGExecutor.run(TestNGExecutor.java:77)
at org.apache.maven.surefire.testng.TestNGDirectoryTestSuite.executeMulti(TestNGDirectoryTestSuite.java:159)
at org.apache.maven.surefire.testng.TestNGDirectoryTestSuite.execute(TestNGDirectoryTestSuite.java:99)
at org.apache.maven.surefire.testng.TestNGProvider.invoke(TestNGProvider.java:106)
at java.base/jdk.internal.reflect.NativeMethodAccessorImpl.invoke0(Native Method)
at java.base/jdk.internal.reflect.NativeMethodAccessorImpl.invoke(NativeMethodAccessorImpl.java:77)
at java.base/jdk.internal.reflect.DelegatingMethodAccessorImpl.invoke(DelegatingMethodAccessorImpl.java:43)
at java.base/java.lang.reflect.Method.invoke(Method.java:568)
at org.apache.maven.surefire.util.ReflectionUtils.invokeMethodWithArray(ReflectionUtils.java:189)
at org.apache.maven.surefire.booter.ProviderFactory$ProviderProxy.invoke(ProviderFactory.java:165)
at org.apache.maven.surefire.booter.ProviderFactory.invokeProvider(ProviderFactory.java:85)
at org.apache.maven.surefire.booter.ForkedBooter.runSuitesInProcess(ForkedBooter.java:115)
at org.apache.maven.surefire.booter.ForkedBooter.main(ForkedBooter.java:75)
]]>
            </full-stacktrace>
          </exception> <!-- java.lang.AssertionError -->
          <reporter-output>
          </reporter-output>
        </test-method> <!-- testGoogleSearch -->
        <test-method is-config="true" signature="teardown()[pri:0, instance:tests.GoogleSearchTest@101952da]" started-at="2025-01-28T16:55:08 EET" name="teardown" finished-at="2025-01-28T16:55:09 EET" duration-ms="847" status="PASS">
          <reporter-output>
          </reporter-output>
        </test-method> <!-- teardown -->
      </class> <!-- tests.GoogleSearchTest -->
      <class name="tests.DynamicLoadingTest">
        <test-method is-config="true" signature="setup()[pri:0, instance:tests.DynamicLoadingTest@4de4b452]" started-at="2025-01-28T16:54:41 EET" name="setup" finished-at="2025-01-28T16:54:46 EET" duration-ms="4884" status="PASS">
          <reporter-output>
          </reporter-output>
        </test-method> <!-- setup -->
        <test-method signature="testDynamicLoading()[pri:0, instance:tests.DynamicLoadingTest@4de4b452]" started-at="2025-01-28T16:54:46 EET" name="testDynamicLoading" finished-at="2025-01-28T16:54:53 EET" duration-ms="7810" status="PASS">
          <reporter-output>
          </reporter-output>
        </test-method> <!-- testDynamicLoading -->
        <test-method is-config="true" signature="teardown()[pri:0, instance:tests.DynamicLoadingTest@4de4b452]" started-at="2025-01-28T16:54:53 EET" name="teardown" finished-at="2025-01-28T16:54:54 EET" duration-ms="1048" status="PASS">
          <reporter-output>
          </reporter-output>
        </test-method> <!-- teardown -->
      </class> <!-- tests.DynamicLoadingTest -->
      <class name="tests.FileUploadTest">
        <test-method is-config="true" signature="setup()[pri:0, instance:tests.FileUploadTest@50b5ac82]" started-at="2025-01-28T16:54:54 EET" name="setup" finished-at="2025-01-28T16:54:57 EET" duration-ms="2958" status="PASS">
          <reporter-output>
          </reporter-output>
        </test-method> <!-- setup -->
        <test-method signature="testFileUpload()[pri:0, instance:tests.FileUploadTest@50b5ac82]" started-at="2025-01-28T16:54:57 EET" name="testFileUpload" finished-at="2025-01-28T16:55:02 EET" duration-ms="4765" status="PASS">
          <reporter-output>
          </reporter-output>
        </test-method> <!-- testFileUpload -->
        <test-method is-config="true" signature="teardown()[pri:0, instance:tests.FileUploadTest@50b5ac82]" started-at="2025-01-28T16:55:02 EET" name="teardown" finished-at="2025-01-28T16:55:03 EET" duration-ms="815" status="PASS">
          <reporter-output>
          </reporter-output>
        </test-method> <!-- teardown -->
      </class> <!-- tests.FileUploadTest -->
      <class name="tests.CatFactsApiTest">
        <test-method signature="testRandomCatFact()[pri:0, instance:tests.CatFactsApiTest@33990a0c]" started-at="2025-01-28T16:54:38 EET" name="testRandomCatFact" finished-at="2025-01-28T16:54:41 EET" duration-ms="2399" status="PASS">
          <reporter-output>
          </reporter-output>
        </test-method> <!-- testRandomCatFact -->
      </class> <!-- tests.CatFactsApiTest -->
    </test> <!-- Command line test -->
  </suite> <!-- Command line suite -->
</testng-results>
